<?xml version="1.0" encoding="UTF-8"?>
<!-- Generated by org.testng.reporters.JUnitReportReporter -->
<testsuite name="suite.AndroidTraining.ToastMessage" tests="1" time="35.816" ignored="0" failures="0" timestamp="09 Jul 2021 15:23:16 GMT" skipped="0" hostname="FHLT0017" errors="0">
  <testcase name="toastMessage" time="35.816" classname="suite.AndroidTraining.ToastMessage"/>
</testsuite> <!-- suite.AndroidTraining.ToastMessage -->
