<?xml version="1.0" encoding="UTF-8"?>
<!-- Generated by org.testng.reporters.JUnitReportReporter -->
<testsuite name="suite.AndroidTraining.APIDemos" tests="1" time="31.110" ignored="0" failures="0" timestamp="08 Jul 2021 15:27:26 GMT" skipped="0" hostname="FHLT0017" errors="0">
  <testcase name="APIDemosTest" time="31.110" classname="suite.AndroidTraining.APIDemos"/>
</testsuite> <!-- suite.AndroidTraining.APIDemos -->
