<?xml version="1.0" encoding="UTF-8"?>
<!-- Generated by org.testng.reporters.JUnitReportReporter -->
<testsuite name="suite.AndroidTraining.AutoComplete" tests="1" time="31.105" ignored="0" failures="0" timestamp="09 Jul 2021 15:18:45 GMT" skipped="0" hostname="FHLT0017" errors="0">
  <testcase name="autoComplete" time="31.105" classname="suite.AndroidTraining.AutoComplete"/>
</testsuite> <!-- suite.AndroidTraining.AutoComplete -->
