<?xml version="1.0" encoding="UTF-8"?>
<!-- Generated by org.testng.reporters.JUnitReportReporter -->
<testsuite name="suite.AndroidTraining.KeyEventsTest" tests="1" time="25.144" ignored="0" failures="0" timestamp="09 Jul 2021 15:12:49 GMT" skipped="0" hostname="FHLT0017" errors="0">
  <testcase name="keyEvents" time="25.144" classname="suite.AndroidTraining.KeyEventsTest"/>
</testsuite> <!-- suite.AndroidTraining.KeyEventsTest -->
