<?xml version="1.0" encoding="UTF-8"?>
<!-- Generated by org.testng.reporters.JUnitReportReporter -->
<testsuite name="suite.AndroidTraining.Scrolling" tests="1" time="30.454" ignored="0" failures="0" timestamp="09 Jul 2021 15:04:08 GMT" skipped="0" hostname="FHLT0017" errors="0">
  <testcase name="scrolling" time="30.454" classname="suite.AndroidTraining.Scrolling"/>
</testsuite> <!-- suite.AndroidTraining.Scrolling -->
