<?xml version="1.0" encoding="UTF-8"?>
<!-- Generated by org.testng.reporters.JUnitReportReporter -->
<testsuite name="suite.AndroidTraining.UiSelectorTest" tests="1" time="48.810" ignored="0" failures="0" timestamp="09 Jul 2021 14:56:28 GMT" skipped="0" hostname="FHLT0017" errors="0">
  <testcase name="UiSelector1" time="48.810" classname="suite.AndroidTraining.UiSelectorTest"/>
</testsuite> <!-- suite.AndroidTraining.UiSelectorTest -->
